d:\programmering\git\directx-engine\engine\engine\debug\vc140.pdb
d:\programmering\git\directx-engine\engine\engine\debug\vc140.idb
d:\programmering\git\directx-engine\engine\engine\debug\cameraclass.obj
d:\programmering\git\directx-engine\engine\engine\debug\colorshaderclass.obj
d:\programmering\git\directx-engine\engine\engine\debug\direct3dclass.obj
d:\programmering\git\directx-engine\engine\engine\debug\graphicsclass.obj
d:\programmering\git\directx-engine\engine\engine\debug\inputclass.obj
d:\programmering\git\directx-engine\engine\engine\debug\main.obj
d:\programmering\git\directx-engine\engine\engine\debug\modelclass.obj
d:\programmering\git\directx-engine\engine\engine\debug\systemclass.obj
d:\programmering\git\directx-engine\engine\engine\debug\textureclass.obj
d:\programmering\git\directx-engine\engine\engine\debug\textureshaderclass.obj
d:\programmering\git\directx-engine\engine\debug\engine.ilk
d:\programmering\git\directx-engine\engine\debug\engine.exe
d:\programmering\git\directx-engine\engine\debug\engine.pdb
d:\programmering\git\directx-engine\engine\engine\debug\engine.res
d:\programmering\git\directx-engine\engine\engine\debug\engine.tlog\cl.command.1.tlog
d:\programmering\git\directx-engine\engine\engine\debug\engine.tlog\cl.read.1.tlog
d:\programmering\git\directx-engine\engine\engine\debug\engine.tlog\cl.write.1.tlog
d:\programmering\git\directx-engine\engine\engine\debug\engine.tlog\link.command.1.tlog
d:\programmering\git\directx-engine\engine\engine\debug\engine.tlog\link.read.1.tlog
d:\programmering\git\directx-engine\engine\engine\debug\engine.tlog\link.write.1.tlog
d:\programmering\git\directx-engine\engine\engine\debug\engine.tlog\rc.command.1.tlog
d:\programmering\git\directx-engine\engine\engine\debug\engine.tlog\rc.read.1.tlog
d:\programmering\git\directx-engine\engine\engine\debug\engine.tlog\rc.write.1.tlog
